[    0.000000] Linux version 5.4.0-132-generic (buildd@lcy02-amd64-059) (gcc version 9.4.0 (Ubuntu 9.4.0-1ubuntu1~20.04.1)) #148-Ubuntu SMP Mon Oct 17 16:02:06 UTC 2022 (Ubuntu 5.4.0-132.148-generic 5.4.212)
[    0.000000] Command line: BOOT_IMAGE=/boot/vmlinuz-5.4.0-132-generic root=UUID=93d7ff5c-1eb4-4a25-8d6c-6650a8d1ba3f ro console=tty1 console=ttyS0
[    0.000000] KERNEL supported cpus:
[    0.000000]   Intel GenuineIntel
[    0.000000]   AMD AuthenticAMD
[    0.000000]   Hygon HygonGenuine
[    0.000000]   Centaur CentaurHauls
[    0.000000]   zhaoxin   Shanghai  
[    0.000000] x86/fpu: x87 FPU will use FXSAVE
[    0.000000] BIOS-provided physical RAM map:
[    0.000000] BIOS-e820: [mem 0x0000000000000000-0x000000000009fbff] usable
[    0.000000] BIOS-e820: [mem 0x000000000009fc00-0x000000000009ffff] reserved
[    0.000000] BIOS-e820: [mem 0x00000000000f0000-0x00000000000fffff] reserved
[    0.000000] BIOS-e820: [mem 0x0000000000100000-0x000000007ffeffff] usable
[    0.000000] BIOS-e820: [mem 0x000000007fff0000-0x000000007fffffff] ACPI data
[    0.000000] BIOS-e820: [mem 0x00000000fec00000-0x00000000fec00fff] reserved
[    0.000000] BIOS-e820: [mem 0x00000000fee00000-0x00000000fee00fff] reserved
[    0.000000] BIOS-e820: [mem 0x00000000fffc0000-0x00000000ffffffff] reserved
[    0.000000] NX (Execute Disable) protection: active
[    0.000000] SMBIOS 2.5 present.
[    0.000000] DMI: innotek GmbH VirtualBox/VirtualBox, BIOS VirtualBox 12/01/2006
[    0.000000] Hypervisor detected: KVM
[    0.000000] kvm-clock: Using msrs 4b564d01 and 4b564d00
[    0.000000] kvm-clock: cpu 0, msr 43c01001, primary cpu clock
[    0.000000] kvm-clock: using sched offset of 5079510465 cycles
[    0.000002] clocksource: kvm-clock: mask: 0xffffffffffffffff max_cycles: 0x1cd42e4dffb, max_idle_ns: 881590591483 ns
[    0.000004] tsc: Detected 2611.206 MHz processor
[    0.002946] last_pfn = 0x7fff0 max_arch_pfn = 0x400000000
[    0.002991] Disabled
[    0.002992] x86/PAT: MTRRs disabled, skipping PAT initialization too.
[    0.002997] CPU MTRRs all blank - virtualized system.
[    0.002999] x86/PAT: Configuration [0-7]: WB  WT  UC- UC  WB  WT  UC- UC  
[    0.003047] found SMP MP-table at [mem 0x0009fff0-0x0009ffff]
[    0.020167] check: Scanning 1 areas for low memory corruption
[    0.020256] RAMDISK: [mem 0x2de19000-0x32f03fff]
[    0.020261] ACPI: Early table checksum verification disabled
[    0.020266] ACPI: RSDP 0x00000000000E0000 000024 (v02 VBOX  )
[    0.020269] ACPI: XSDT 0x000000007FFF0030 00003C (v01 VBOX   VBOXXSDT 00000001 ASL  00000061)
[    0.020274] ACPI: FACP 0x000000007FFF00F0 0000F4 (v04 VBOX   VBOXFACP 00000001 ASL  00000061)
[    0.020279] ACPI: DSDT 0x000000007FFF0470 002325 (v02 VBOX   VBOXBIOS 00000002 INTL 20100528)
[    0.020281] ACPI: FACS 0x000000007FFF0200 000040
[    0.020283] ACPI: FACS 0x000000007FFF0200 000040
[    0.020285] ACPI: APIC 0x000000007FFF0240 00005C (v02 VBOX   VBOXAPIC 00000001 ASL  00000061)
[    0.020288] ACPI: SSDT 0x000000007FFF02A0 0001CC (v01 VBOX   VBOXCPUT 00000002 INTL 20100528)
[    0.020290] ACPI: Reserving FACP table memory at [mem 0x7fff00f0-0x7fff01e3]
[    0.020290] ACPI: Reserving DSDT table memory at [mem 0x7fff0470-0x7fff2794]
[    0.020291] ACPI: Reserving FACS table memory at [mem 0x7fff0200-0x7fff023f]
[    0.020292] ACPI: Reserving FACS table memory at [mem 0x7fff0200-0x7fff023f]
[    0.020292] ACPI: Reserving APIC table memory at [mem 0x7fff0240-0x7fff029b]
[    0.020293] ACPI: Reserving SSDT table memory at [mem 0x7fff02a0-0x7fff046b]
[    0.020929] No NUMA configuration found
[    0.020931] Faking a node at [mem 0x0000000000000000-0x000000007ffeffff]
[    0.020937] NODE_DATA(0) allocated [mem 0x7ffc5000-0x7ffeffff]
[    0.021075] Zone ranges:
[    0.021076]   DMA      [mem 0x0000000000001000-0x0000000000ffffff]
[    0.021077]   DMA32    [mem 0x0000000001000000-0x000000007ffeffff]
[    0.021078]   Normal   empty
[    0.021079]   Device   empty
[    0.021079] Movable zone start for each node
[    0.021081] Early memory node ranges
[    0.021081]   node   0: [mem 0x0000000000001000-0x000000000009efff]
[    0.021082]   node   0: [mem 0x0000000000100000-0x000000007ffeffff]
[    0.021098] Zeroed struct page in unavailable ranges: 114 pages
[    0.021099] Initmem setup node 0 [mem 0x0000000000001000-0x000000007ffeffff]
[    0.029471] ACPI: PM-Timer IO Port: 0x4008
[    0.029642] IOAPIC[0]: apic_id 2, version 32, address 0xfec00000, GSI 0-23
[    0.029645] ACPI: INT_SRC_OVR (bus 0 bus_irq 0 global_irq 2 dfl dfl)
[    0.029646] ACPI: INT_SRC_OVR (bus 0 bus_irq 9 global_irq 9 low level)
[    0.029650] Using ACPI (MADT) for SMP configuration information
[    0.029668] smpboot: Allowing 2 CPUs, 0 hotplug CPUs
[    0.029730] PM: Registered nosave memory: [mem 0x00000000-0x00000fff]
[    0.029731] PM: Registered nosave memory: [mem 0x0009f000-0x0009ffff]
[    0.029731] PM: Registered nosave memory: [mem 0x000a0000-0x000effff]
[    0.029732] PM: Registered nosave memory: [mem 0x000f0000-0x000fffff]
[    0.029733] [mem 0x80000000-0xfebfffff] available for PCI devices
[    0.029734] Booting paravirtualized kernel on KVM
[    0.029736] clocksource: refined-jiffies: mask: 0xffffffff max_cycles: 0xffffffff, max_idle_ns: 7645519600211568 ns
[    0.029739] setup_percpu: NR_CPUS:8192 nr_cpumask_bits:2 nr_cpu_ids:2 nr_node_ids:1
[    0.033212] percpu: Embedded 60 pages/cpu s208896 r8192 d28672 u1048576
[    0.033266] PV qspinlock hash table entries: 256 (order: 0, 4096 bytes, linear)
[    0.033279] Built 1 zonelists, mobility grouping on.  Total pages: 515961
[    0.033280] Policy zone: DMA32
[    0.033281] Kernel command line: BOOT_IMAGE=/boot/vmlinuz-5.4.0-132-generic root=UUID=93d7ff5c-1eb4-4a25-8d6c-6650a8d1ba3f ro console=tty1 console=ttyS0
[    0.036680] Dentry cache hash table entries: 262144 (order: 9, 2097152 bytes, linear)
[    0.036806] Inode-cache hash table entries: 131072 (order: 8, 1048576 bytes, linear)
[    0.036843] mem auto-init: stack:off, heap alloc:on, heap free:off
[    0.040468] Memory: 1940288K/2096696K available (14339K kernel code, 2394K rwdata, 9496K rodata, 2756K init, 4952K bss, 156408K reserved, 0K cma-reserved)
[    0.040815] SLUB: HWalign=64, Order=0-3, MinObjects=0, CPUs=2, Nodes=1
[    0.040857] ftrace: allocating 44629 entries in 175 pages
[    0.055319] rcu: Hierarchical RCU implementation.
[    0.055321] rcu: 	RCU restricting CPUs from NR_CPUS=8192 to nr_cpu_ids=2.
[    0.055322] 	Tasks RCU enabled.
[    0.055323] rcu: RCU calculated value of scheduler-enlistment delay is 25 jiffies.
[    0.055324] rcu: Adjusting geometry for rcu_fanout_leaf=16, nr_cpu_ids=2
[    0.057241] NR_IRQS: 524544, nr_irqs: 440, preallocated irqs: 16
[    0.084892] Console: colour VGA+ 80x25
[    0.224218] printk: console [tty1] enabled
[    0.359178] printk: console [ttyS0] enabled
[    0.361101] ACPI: Core revision 20190816
[    0.363045] APIC: Switch to symmetric I/O mode setup
[    0.373790] ..TIMER: vector=0x30 apic1=0 pin1=2 apic2=-1 pin2=-1
[    0.376492] clocksource: tsc-early: mask: 0xffffffffffffffff max_cycles: 0x25a39602519, max_idle_ns: 440795220182 ns
[    0.381641] Calibrating delay loop (skipped) preset value.. 5222.41 BogoMIPS (lpj=10444824)
[    0.385640] pid_max: default: 32768 minimum: 301
[    0.389723] LSM: Security Framework initializing
[    0.392343] Yama: becoming mindful.
[    0.393718] AppArmor: AppArmor initialized
[    0.397675] Mount-cache hash table entries: 4096 (order: 3, 32768 bytes, linear)
[    0.401255] Mountpoint-cache hash table entries: 4096 (order: 3, 32768 bytes, linear)
[    0.401702] *** VALIDATE tmpfs ***
[    0.405918] *** VALIDATE proc ***
[    0.407616] *** VALIDATE cgroup1 ***
[    0.409644] *** VALIDATE cgroup2 ***
[    0.412169] Last level iTLB entries: 4KB 0, 2MB 0, 4MB 0
[    0.413643] Last level dTLB entries: 4KB 0, 2MB 0, 4MB 0, 1GB 0
[    0.417644] Spectre V1 : Mitigation: usercopy/swapgs barriers and __user pointer sanitization
[    0.421640] Spectre V2 : Mitigation: Enhanced IBRS
[    0.424168] Spectre V2 : Spectre v2 / SpectreRSB mitigation: Filling RSB on context switch
[    0.425640] Spectre V2 : Spectre v2 / PBRSB-eIBRS: Retire a single CALL on VMEXIT
[    0.429642] RETBleed: Mitigation: Enhanced IBRS
[    0.433639] Speculative Store Bypass: Vulnerable
[    0.437808] Freeing SMP alternatives memory: 40K
[    0.550340] smpboot: CPU0: 12th Gen Intel(R) Core(TM) i7-1255U (family: 0x6, model: 0x9a, stepping: 0x4)
[    0.554022] Performance Events: unsupported p6 CPU model 154 no PMU driver, software events only.
[    0.557716] rcu: Hierarchical SRCU implementation.
[    0.561851] NMI watchdog: Perf NMI watchdog permanently disabled
[    0.565305] smp: Bringing up secondary CPUs ...
[    0.566019] x86: Booting SMP configuration:
[    0.569641] .... node  #0, CPUs:      #1
[    0.319922] kvm-clock: cpu 1, msr 43c01041, secondary cpu clock
[    0.573637] TSC synchronization [CPU#0 -> CPU#1]:
[    0.573637] Measured 53771 cycles TSC warp between CPUs, turning off TSC clock.
[    0.573637] tsc: Marking TSC unstable due to check_tsc_sync_source failed
[    0.578088] smp: Brought up 1 node, 2 CPUs
[    0.581646] smpboot: Max logical packages: 1
[    0.583665] smpboot: Total of 2 processors activated (10444.82 BogoMIPS)
[    0.585942] devtmpfs: initialized
[    0.589736] x86/mm: Memory block size: 128MB
[    0.592421] clocksource: jiffies: mask: 0xffffffff max_cycles: 0xffffffff, max_idle_ns: 7645041785100000 ns
[    0.593739] futex hash table entries: 512 (order: 3, 32768 bytes, linear)
[    0.597722] pinctrl core: initialized pinctrl subsystem
[    0.603345] PM: RTC time: 13:33:37, date: 2022-12-01
[    0.606274] NET: Registered protocol family 16
[    0.608310] audit: initializing netlink subsys (disabled)
[    0.609873] audit: type=2000 audit(1669901624.489:1): state=initialized audit_enabled=0 res=1
[    0.609964] EISA bus registered
[    0.615127] cpuidle: using governor ladder
[    0.617643] cpuidle: using governor menu
[    0.620073] ACPI: bus type PCI registered
[    0.621645] acpiphp: ACPI Hot Plug PCI Controller Driver version: 0.5
[    0.625168] PCI: Using configuration type 1 for base access
[    0.633664] HugeTLB registered 2.00 MiB page size, pre-allocated 0 pages
[    0.657966] ACPI: Added _OSI(Module Device)
[    0.661652] ACPI: Added _OSI(Processor Device)
[    0.664105] ACPI: Added _OSI(3.0 _SCP Extensions)
[    0.665644] ACPI: Added _OSI(Processor Aggregator Device)
[    0.668106] ACPI: Added _OSI(Linux-Dell-Video)
[    0.669659] ACPI: Added _OSI(Linux-Lenovo-NV-HDMI-Audio)
[    0.672275] ACPI: Added _OSI(Linux-HPI-Hybrid-Graphics)
[    0.678066] ACPI: 2 ACPI AML tables successfully acquired and loaded
[    0.682450] ACPI: Interpreter enabled
[    0.684182] ACPI: (supports S0 S5)
[    0.685637] ACPI: Using IOAPIC for interrupt routing
[    0.685913] PCI: Using host bridge windows from ACPI; if necessary, use "pci=nocrs" and report a bug
[    0.689778] ACPI: Enabled 2 GPEs in block 00 to 07
[    0.697637] ACPI: PCI Root Bridge [PCI0] (domain 0000 [bus 00-ff])
[    0.697654] acpi PNP0A03:00: _OSC: OS supports [ASPM ClockPM Segments MSI HPX-Type3]
[    0.702189] acpi PNP0A03:00: _OSC: not requesting OS control; OS requires [ExtendedConfig ASPM ClockPM MSI]
[    0.705660] acpi PNP0A03:00: fail to add MMCONFIG information, can't access extended PCI configuration space under this bridge.
[    0.710122] PCI host bridge to bus 0000:00
[    0.711965] pci_bus 0000:00: root bus resource [io  0x0000-0x0cf7 window]
[    0.713643] pci_bus 0000:00: root bus resource [io  0x0d00-0xffff window]
[    0.717641] pci_bus 0000:00: root bus resource [mem 0x000a0000-0x000bffff window]
[    0.720921] pci_bus 0000:00: root bus resource [mem 0x80000000-0xfdffffff window]
[    0.721649] pci_bus 0000:00: root bus resource [bus 00-ff]
[    0.725749] pci 0000:00:00.0: [8086:1237] type 00 class 0x060000
[    0.732947] pci 0000:00:01.0: [8086:7000] type 00 class 0x060100
[    0.735016] pci 0000:00:01.1: [8086:7111] type 00 class 0x01018a
[    0.738374] pci 0000:00:01.1: reg 0x20: [io  0xd000-0xd00f]
[    0.741926] pci 0000:00:01.1: legacy IDE quirk: reg 0x10: [io  0x01f0-0x01f7]
[    0.745214] pci 0000:00:01.1: legacy IDE quirk: reg 0x14: [io  0x03f6]
[    0.745643] pci 0000:00:01.1: legacy IDE quirk: reg 0x18: [io  0x0170-0x0177]
[    0.749640] pci 0000:00:01.1: legacy IDE quirk: reg 0x1c: [io  0x0376]
[    0.754570] pci 0000:00:02.0: [80ee:beef] type 00 class 0x030000
[    0.757637] pci 0000:00:02.0: reg 0x10: [mem 0xe0000000-0xe0ffffff pref]
[    0.764540] pci 0000:00:03.0: [8086:100e] type 00 class 0x020000
[    0.765985] pci 0000:00:03.0: reg 0x10: [mem 0xf0000000-0xf001ffff]
[    0.769918] pci 0000:00:03.0: reg 0x18: [io  0xd010-0xd017]
[    0.777932] pci 0000:00:04.0: [80ee:cafe] type 00 class 0x088000
[    0.782082] pci 0000:00:04.0: reg 0x10: [io  0xd020-0xd03f]
[    0.784895] pci 0000:00:04.0: reg 0x14: [mem 0xf0400000-0xf07fffff]
[    0.786130] pci 0000:00:04.0: reg 0x18: [mem 0xf0800000-0xf0803fff pref]
[    0.795347] pci 0000:00:05.0: [8086:2415] type 00 class 0x040100
[    0.797876] pci 0000:00:05.0: reg 0x10: [io  0xd100-0xd1ff]
[    0.800348] pci 0000:00:05.0: reg 0x14: [io  0xd200-0xd23f]
[    0.810175] pci 0000:00:07.0: [8086:7113] type 00 class 0x068000
[    0.814040] pci 0000:00:07.0: quirk: [io  0x4000-0x403f] claimed by PIIX4 ACPI
[    0.817311] pci 0000:00:07.0: quirk: [io  0x4100-0x410f] claimed by PIIX4 SMB
[    0.823441] pci 0000:00:08.0: [8086:100e] type 00 class 0x020000
[    0.825964] pci 0000:00:08.0: reg 0x10: [mem 0xf0820000-0xf083ffff]
[    0.829791] pci 0000:00:08.0: reg 0x18: [io  0xd240-0xd247]
[    0.861190] pci 0000:00:14.0: [1000:0030] type 00 class 0x010000
[    0.861928] pci 0000:00:14.0: reg 0x10: [io  0xd300-0xd3ff]
[    0.865777] pci 0000:00:14.0: reg 0x14: [mem 0xf0840000-0xf085ffff]
[    0.869768] pci 0000:00:14.0: reg 0x18: [mem 0xf0860000-0xf087ffff]
[    0.905045] ACPI: PCI Interrupt Link [LNKA] (IRQs 5 9 10 *11)
[    0.905968] ACPI: PCI Interrupt Link [LNKB] (IRQs 5 9 *10 11)
[    0.908500] ACPI: PCI Interrupt Link [LNKC] (IRQs 5 *9 10 11)
[    0.909766] ACPI: PCI Interrupt Link [LNKD] (IRQs 5 9 10 *11)
[    0.914021] iommu: Default domain type: Translated 
[    0.917950] SCSI subsystem initialized
[    0.922080] pci 0000:00:02.0: vgaarb: setting as boot VGA device
[    0.925637] pci 0000:00:02.0: vgaarb: VGA device added: decodes=io+mem,owns=io+mem,locks=none
[    0.925650] pci 0000:00:02.0: vgaarb: bridge control possible
[    0.929646] vgaarb: loaded
[    0.931282] ACPI: bus type USB registered
[    0.933654] usbcore: registered new interface driver usbfs
[    0.936484] usbcore: registered new interface driver hub
[    0.937652] usbcore: registered new device driver usb
[    0.941825] pps_core: LinuxPPS API ver. 1 registered
[    0.943995] pps_core: Software ver. 5.3.6 - Copyright 2005-2007 Rodolfo Giometti <giometti@linux.it>
[    0.945657] PTP clock support registered
[    0.949920] EDAC MC: Ver: 3.0.0
[    0.957676] PCI: Using ACPI for IRQ routing
[    0.960093] NetLabel: Initializing
[    0.961643] NetLabel:  domain hash size = 128
[    0.963584] NetLabel:  protocols = UNLABELED CIPSOv4 CALIPSO
[    0.965752] NetLabel:  unlabeled traffic allowed by default
[    0.974721] clocksource: Switched to clocksource kvm-clock
[    0.988436] *** VALIDATE bpf ***
[    0.988436] VFS: Disk quotas dquot_6.6.0
[    0.988436] VFS: Dquot-cache hash table entries: 512 (order 0, 4096 bytes)
[    0.988436] *** VALIDATE ramfs ***
[    0.988436] *** VALIDATE hugetlbfs ***
[    0.988436] AppArmor: AppArmor Filesystem Enabled
[    0.988436] pnp: PnP ACPI init
[    0.988436] pnp: PnP ACPI: found 3 devices
[    1.043940] thermal_sys: Registered thermal governor 'fair_share'
[    1.043941] thermal_sys: Registered thermal governor 'bang_bang'
[    1.047157] thermal_sys: Registered thermal governor 'step_wise'
[    1.049723] thermal_sys: Registered thermal governor 'user_space'
[    1.051131] thermal_sys: Registered thermal governor 'power_allocator'
[    1.060176] clocksource: acpi_pm: mask: 0xffffff max_cycles: 0xffffff, max_idle_ns: 2085701024 ns
[    1.067018] pci_bus 0000:00: resource 4 [io  0x0000-0x0cf7 window]
[    1.067018] pci_bus 0000:00: resource 5 [io  0x0d00-0xffff window]
[    1.067018] pci_bus 0000:00: resource 6 [mem 0x000a0000-0x000bffff window]
[    1.067018] pci_bus 0000:00: resource 7 [mem 0x80000000-0xfdffffff window]
[    1.067018] NET: Registered protocol family 2
[    1.067018] IP idents hash table entries: 32768 (order: 6, 262144 bytes, linear)
[    1.086109] tcp_listen_portaddr_hash hash table entries: 1024 (order: 2, 16384 bytes, linear)
[    1.090988] TCP established hash table entries: 16384 (order: 5, 131072 bytes, linear)
[    1.095043] TCP bind hash table entries: 16384 (order: 6, 262144 bytes, linear)
[    1.098199] TCP: Hash tables configured (established 16384 bind 16384)
[    1.098563] UDP hash table entries: 1024 (order: 3, 32768 bytes, linear)
[    1.104571] UDP-Lite hash table entries: 1024 (order: 3, 32768 bytes, linear)
[    1.108176] NET: Registered protocol family 1
[    1.110779] NET: Registered protocol family 44
[    1.113050] pci 0000:00:00.0: Limiting direct PCI/PCI transfers
[    1.114747] pci 0000:00:01.0: Activating ISA DMA hang workarounds
[    1.118667] pci 0000:00:02.0: Video device with shadowed ROM at [mem 0x000c0000-0x000dffff]
[    1.122591] PCI: CLS 0 bytes, default 64
[    1.124654] Trying to unpack rootfs image as initramfs...
[    1.692801] Freeing initrd memory: 82860K
[    1.695574] platform rtc_cmos: registered platform RTC device (no PNP device found)
[    1.699096] check: Scanning for low memory corruption every 60 seconds
[    1.703944] Initialise system trusted keyrings
[    1.706118] Key type blacklist registered
[    1.708364] workingset: timestamp_bits=36 max_order=19 bucket_order=0
[    1.712133] zbud: loaded
[    1.713919] squashfs: version 4.0 (2009/01/31) Phillip Lougher
[    1.716819] fuse: init (API version 7.31)
[    1.718687] *** VALIDATE fuse ***
[    1.720126] *** VALIDATE fuse ***
[    1.722062] Platform Keyring initialized
[    1.726877] Key type asymmetric registered
[    1.728648] Asymmetric key parser 'x509' registered
[    1.730948] Block layer SCSI generic (bsg) driver version 0.4 loaded (major 244)
[    1.734469] io scheduler mq-deadline registered
[    1.737217] shpchp: Standard Hot Plug PCI Controller Driver version: 0.4
[    1.740425] ACPI: AC Adapter [AC] (on-line)
[    1.742423] input: Power Button as /devices/LNXSYSTM:00/LNXPWRBN:00/input/input0
[    1.746111] ACPI: Power Button [PWRF]
[    1.747887] input: Sleep Button as /devices/LNXSYSTM:00/LNXSLPBN:00/input/input1
[    1.751437] ACPI: Sleep Button [SLPF]
[    1.754225] Serial: 8250/16550 driver, 32 ports, IRQ sharing enabled
[    1.755168] battery: ACPI: Battery Slot [BAT0] (battery present)
[    1.781890] 00:02: ttyS0 at I/O 0x3f8 (irq = 4, base_baud = 115200) is a 16550A
[    1.793943] Linux agpgart interface v0.103
[    4.420812] loop: module loaded
[    4.427809] scsi host0: ata_piix
[    4.429745] scsi host1: ata_piix
[    4.431630] ata1: PATA max UDMA/33 cmd 0x1f0 ctl 0x3f6 bmdma 0xd000 irq 14
[    4.435287] ata2: PATA max UDMA/33 cmd 0x170 ctl 0x376 bmdma 0xd008 irq 15
[    4.438747] tun: Universal TUN/TAP device driver, 1.6
[    4.442784] PPP generic driver version 2.4.2
[    4.445014] VFIO - User Level meta-driver version: 0.3
[    4.447711] ehci_hcd: USB 2.0 'Enhanced' Host Controller (EHCI) Driver
[    4.450548] ehci-pci: EHCI PCI platform driver
[    4.452537] ehci-platform: EHCI generic platform driver
[    4.454525] ohci_hcd: USB 1.1 'Open' Host Controller (OHCI) Driver
[    4.454525] ohci-pci: OHCI PCI platform driver
[    4.454525] ohci-platform: OHCI generic platform driver
[    4.454525] uhci_hcd: USB Universal Host Controller Interface driver
[    4.454525] i8042: PNP: PS/2 Controller [PNP0303:PS2K,PNP0f03:PS2M] at 0x60,0x64 irq 1,12
[    4.454525] serio: i8042 KBD port at 0x60,0x64 irq 1
[    4.454525] serio: i8042 AUX port at 0x60,0x64 irq 12
[    4.454525] mousedev: PS/2 mouse device common for all mice
[    4.478429] rtc_cmos rtc_cmos: registered as rtc0
[    4.480843] rtc_cmos rtc_cmos: alarms up to one day, 114 bytes nvram
[    4.483759] i2c /dev entries driver
[    4.485453] device-mapper: uevent: version 1.0.3
[    4.487857] device-mapper: ioctl: 4.41.0-ioctl (2019-09-16) initialised: dm-devel@redhat.com
[    4.491631] input: AT Translated Set 2 keyboard as /devices/platform/i8042/serio0/input/input2
[    4.495564] platform eisa.0: Probing EISA bus 0
[    4.498333] platform eisa.0: EISA: Cannot allocate resource for mainboard
[    4.501402] platform eisa.0: Cannot allocate resource for EISA slot 1
[    4.504410] platform eisa.0: Cannot allocate resource for EISA slot 2
[    4.507440] platform eisa.0: Cannot allocate resource for EISA slot 3
[    4.510392] platform eisa.0: Cannot allocate resource for EISA slot 4
[    4.513300] platform eisa.0: Cannot allocate resource for EISA slot 5
[    4.516269] platform eisa.0: Cannot allocate resource for EISA slot 6
[    4.519550] platform eisa.0: Cannot allocate resource for EISA slot 7
[    4.522559] platform eisa.0: Cannot allocate resource for EISA slot 8
[    4.525484] platform eisa.0: EISA: Detected 0 cards
[    4.527877] intel_pstate: CPU model not supported
[    4.530502] ledtrig-cpu: registered to indicate activity on CPUs
[    4.533404] drop_monitor: Initializing network drop monitor service
[    4.536479] NET: Registered protocol family 10
[    4.544847] Segment Routing with IPv6
[    4.546761] NET: Registered protocol family 17
[    4.549243] Key type dns_resolver registered
[    4.551936] RAS: Correctable Errors collector initialized.
[    4.554866] IPI shorthand broadcast: enabled
[    4.556951] sched_clock: Marking stable (4238915476, 315922880)->(4591602780, -36764424)
[    4.561982] registered taskstats version 1
[    4.563944] Loading compiled-in X.509 certificates
[    4.567076] Loaded X.509 cert 'Build time autogenerated kernel key: 54b9c28d4b91a0104952244eb9172297b25d660e'
[    4.571804] Loaded X.509 cert 'Canonical Ltd. Live Patch Signing: 14df34d1a87cf37625abec039ef2bf521249b969'
[    4.576578] Loaded X.509 cert 'Canonical Ltd. Kernel Module Signing: 88f752e560a1e0737e31163a466ad7b70a850c19'
[    4.581320] blacklist: Loading compiled-in revocation X.509 certificates
[    4.584517] Loaded X.509 cert 'Canonical Ltd. Secure Boot Signing: 61482aa2830d0ab2ad5af10b7250da9033ddcef0'
[    4.589150] zswap: loaded using pool lzo/zbud
[    4.592278] Key type ._fscrypt registered
[    4.594346] Key type .fscrypt registered
[    4.639727] Key type big_key registered
[    4.646121] Key type encrypted registered
[    4.648440] AppArmor: AppArmor sha1 policy hashing enabled
[    4.651138] ima: No TPM chip found, activating TPM-bypass!
[    4.653898] ima: Allocated hash algorithm: sha1
[    4.656098] ima: No architecture policies found
[    4.658949] evm: Initialising EVM extended attributes:
[    4.661387] evm: security.selinux
[    4.663174] evm: security.SMACK64
[    4.664816] evm: security.SMACK64EXEC
[    4.666690] evm: security.SMACK64TRANSMUTE
[    4.668664] evm: security.SMACK64MMAP
[    4.670540] evm: security.apparmor
[    4.672219] evm: security.ima
[    4.673831] evm: security.capability
[    4.675602] evm: HMAC attrs: 0x1
[    4.677408] PM:   Magic number: 2:519:583
[    4.680099] rtc_cmos rtc_cmos: setting system clock to 2022-12-01T13:33:41 UTC (1669901621)
[    4.686117] Freeing unused decrypted memory: 2040K
[    4.688870] Freeing unused kernel image memory: 2756K
[    4.698324] Write protecting the kernel read-only data: 26624k
[    4.701872] Freeing unused kernel image memory: 2036K
[    4.704886] Freeing unused kernel image memory: 744K
[    4.711997] x86/mm: Checked W+X mappings: passed, no W+X pages found.
[    4.715059] Run /init as init process
Loading, please wait...
Starting version 245.4-4ubuntu3.19
[    4.771335] ACPI: Video Device [GFX0] (multi-head: yes  rom: no  post: no)
[    4.780066] e1000: Intel(R) PRO/1000 Network Driver - version 7.3.21-k8-NAPI
[    4.784345] e1000: Copyright (c) 1999-2006 Intel Corporation.
[    4.792804] piix4_smbus 0000:00:07.0: SMBus Host Controller at 0x4100, revision 0
[    4.803846] Fusion MPT base driver 3.04.20
[    4.806008] Copyright (c) 1999-2008 LSI Corporation
[    4.826320] input: Video Bus as /devices/LNXSYSTM:00/LNXSYBUS:00/PNP0A03:00/LNXVIDEO:00/input/input5
[    4.837123] Fusion MPT SPI Host driver 3.04.20
[    4.844791] mptbase: ioc0: Initiating bringup
[    4.852404] [drm] VRAM 01000000
[    4.854251] [TTM] Zone  kernel: Available graphics memory: 1015382 KiB
[    4.857190] [TTM] Initializing pool allocator
[    4.859537] [TTM] Initializing DMA pool allocator
[    4.877932] fbcon: vboxvideodrmfb (fb0) is primary device
[    4.904736] Console: switching to colour frame buffer device 100x37
[    4.935641] vboxvideo 0000:00:02.0: fb0: vboxvideodrmfb frame buffer device
[    4.958704] [drm] Initialized vboxvideo 1.0.0 20130823 for 0000:00:02.0 on minor 0
[    4.986913] ioc0: LSI53C1030 A0: Capabilities={Initiator}
[    5.011168] input: ImExPS/2 Generic Explorer Mouse as /devices/platform/i8042/serio1/input/input4
[    5.235244] scsi host2: ioc0: LSI53C1030 A0, FwRev=00000000h, Ports=1, MaxQ=256, IRQ=20
[    5.301307] e1000 0000:00:03.0 eth0: (PCI:33MHz:32-bit) 02:84:b9:77:b2:67
[    5.303921] e1000 0000:00:03.0 eth0: Intel(R) PRO/1000 Network Connection
[    5.406535] scsi 2:0:0:0: Direct-Access     VBOX     HARDDISK         1.0  PQ: 0 ANSI: 5
[    5.497809] scsi target2:0:0: Beginning Domain Validation
[    5.504222] scsi target2:0:0: Domain Validation skipping write tests
[    5.506378] scsi target2:0:0: Ending Domain Validation
[    5.514197] scsi target2:0:0: asynchronous
[    5.523450] scsi 2:0:1:0: Direct-Access     VBOX     HARDDISK         1.0  PQ: 0 ANSI: 5
[    5.645845] scsi target2:0:1: Beginning Domain Validation
[    5.661162] scsi target2:0:1: Domain Validation skipping write tests
[    5.673351] scsi target2:0:1: Ending Domain Validation
[    5.683142] scsi target2:0:1: asynchronous
[    5.699596] sd 2:0:0:0: Attached scsi generic sg0 type 0
[    5.710454] sd 2:0:0:0: [sda] 83886080 512-byte logical blocks: (42.9 GB/40.0 GiB)
[    5.722411] sd 2:0:1:0: Attached scsi generic sg1 type 0
[    5.723550] sd 2:0:1:0: [sdb] 20480 512-byte logical blocks: (10.5 MB/10.0 MiB)
[    5.746386] sd 2:0:0:0: [sda] Write Protect is off
[    5.757964] sd 2:0:1:0: [sdb] Write Protect is off
[    5.770009] sd 2:0:0:0: [sda] Incomplete mode parameter data
[    5.781718] sd 2:0:0:0: [sda] Assuming drive cache: write through
[    5.793759] sd 2:0:1:0: [sdb] Incomplete mode parameter data
[    5.805874] e1000 0000:00:08.0 eth1: (PCI:33MHz:32-bit) 08:00:27:9f:fb:3f
[    5.806261] sd 2:0:1:0: [sdb] Assuming drive cache: write through
[    5.818730] e1000 0000:00:08.0 eth1: Intel(R) PRO/1000 Network Connection
[    5.858569]  sda: sda1
[    5.887230] sd 2:0:1:0: [sdb] Attached SCSI disk
[    5.903159] sd 2:0:0:0: [sda] Attached SCSI disk
[    5.917858] e1000 0000:00:08.0 enp0s8: renamed from eth1
[    5.951064] e1000 0000:00:03.0 enp0s3: renamed from eth0
Begin: Loading essential drivers ... [    6.142373] raid6: sse2x4   gen() 26254 MB/s
[    6.201969] raid6: sse2x4   xor() 10686 MB/s
[    6.261711] raid6: sse2x2   gen() 24699 MB/s
[    6.317984] raid6: sse2x2   xor() 14734 MB/s
[    6.373799] raid6: sse2x1   gen() 20141 MB/s
[    6.433732] raid6: sse2x1   xor() 12743 MB/s
[    6.445208] raid6: using algorithm sse2x4 gen() 26254 MB/s
[    6.456730] raid6: .... xor() 10686 MB/s, rmw enabled
[    6.467906] raid6: using ssse3x2 recovery algorithm
[    6.480108] xor: measuring software checksum speed
[   13.423373]    prefetch64-sse: -1697766.-184 MB/sec
[   13.541517]    generic_sse: 78921.000 MB/sec
[   13.552223] xor: using function: generic_sse (78921.000 MB/sec)
[   13.565219] async_tx: api initialized (async)
done.
Begin: Running /scripts/init-premount ... done.
Begin: Mounting root file system ... Begin: Running /scripts/local-top ... done.
Begin: Running /scripts/local-premount ... [   13.618084] Btrfs loaded, crc32c=crc32c-intel
Scanning for Btrfs filesystems
done.
Begin: Will now check root file system ... fsck from util-linux 2.34
[/usr/sbin/fsck.ext4 (1) -- /dev/sda1] fsck.ext4 -a -C0 /dev/sda1 
cloudimg-rootfs: recovering journal
cloudimg-rootfs: clean, 83213/5120000 files, 1266168/10485499 blocks
done.
[   13.758123] EXT4-fs (sda1): mounted filesystem with ordered data mode. Opts: (null)
done.
Begin: Running /scripts/local-bottom ... done.
Begin: Running /scripts/init-bottom ... done.
[   13.978987] systemd[1]: Inserted module 'autofs4'
[   14.006410] systemd[1]: systemd 245.4-4ubuntu3.19 running in system mode. (+PAM +AUDIT +SELINUX +IMA +APPARMOR +SMACK +SYSVINIT +UTMP +LIBCRYPTSETUP +GCRYPT +GNUTLS +ACL +XZ +LZ4 +SECCOMP +BLKID +ELFUTILS +KMOD +IDN2 -IDN +PCRE2 default-hierarchy=hybrid)
[   14.045026] systemd[1]: Detected virtualization oracle.
[   14.058192] systemd[1]: Detected architecture x86-64.

Welcome to [1mUbuntu 20.04.5 LTS[0m!

[   14.095449] systemd[1]: Set hostname to <kubenode01>.
[   14.194819] random: lvmconfig: uninitialized urandom read (4 bytes read)
[   14.370816] random: systemd: uninitialized urandom read (16 bytes read)
[   14.384329] systemd[1]: Created slice system-modprobe.slice.
[[0;32m  OK  [0m] Created slice [0;1;39msystem-modprobe.slice[0m.
[   14.398216] random: systemd: uninitialized urandom read (16 bytes read)
[   14.411767] systemd[1]: Created slice system-serial\x2dgetty.slice.
[[0;32m  OK  [0m] Created slice [0;1;39msystem-serial\x2dgetty.slice[0m.
[   14.427167] systemd[1]: Created slice User and Session Slice.
[[0;32m  OK  [0m] Created slice [0;1;39mUser and Session Slice[0m.
[   14.442460] systemd[1]: Started Forward Password Requests to Wall Directory Watch.
[[0;32m  OK  [0m] Started [0;1;39mForward Password R…uests to Wall Directory Watch[0m.
[   14.458036] systemd[1]: Set up automount Arbitrary Executable File Formats File System Automount Point.
[[0;32m  OK  [0m] Set up automount [0;1;39mArbitrary…s File System Automount Point[0m.
[   14.486246] systemd[1]: Reached target User and Group Name Lookups.
[[0;32m  OK  [0m] Reached target [0;1;39mUser and Group Name Lookups[0m.
[   14.501592] systemd[1]: Reached target Slices.
[[0;32m  OK  [0m] Reached target [0;1;39mSlices[0m.
[   14.515823] systemd[1]: Reached target Swap.
[[0;32m  OK  [0m] Reached target [0;1;39mSwap[0m.
[   14.529388] systemd[1]: Reached target System Time Set.
[[0;32m  OK  [0m] Reached target [0;1;39mSystem Time Set[0m.
[   14.544074] systemd[1]: Reached target System Time Synchronized.
[[0;32m  OK  [0m] Reached target [0;1;39mSystem Time Synchronized[0m.
[   14.558589] systemd[1]: Listening on Device-mapper event daemon FIFOs.
[[0;32m  OK  [0m] Listening on [0;1;39mDevice-mapper event daemon FIFOs[0m.
[   14.575138] systemd[1]: Listening on LVM2 poll daemon socket.
[[0;32m  OK  [0m] Listening on [0;1;39mLVM2 poll daemon socket[0m.
[   14.590128] systemd[1]: Listening on multipathd control socket.
[[0;32m  OK  [0m] Listening on [0;1;39mmultipathd control socket[0m.
[   14.606872] systemd[1]: Listening on Syslog Socket.
[[0;32m  OK  [0m] Listening on [0;1;39mSyslog Socket[0m.
[   14.621420] systemd[1]: Listening on fsck to fsckd communication Socket.
[[0;32m  OK  [0m] Listening on [0;1;39mfsck to fsckd communication Socket[0m.
[   14.638431] systemd[1]: Listening on initctl Compatibility Named Pipe.
[[0;32m  OK  [0m] Listening on [0;1;39minitctl Compatibility Named Pipe[0m.
[   14.653952] systemd[1]: Listening on Journal Audit Socket.
[[0;32m  OK  [0m] Listening on [0;1;39mJournal Audit Socket[0m.
[   14.669182] systemd[1]: Listening on Journal Socket (/dev/log).
[[0;32m  OK  [0m] Listening on [0;1;39mJournal Socket (/dev/log)[0m.
[   14.685105] systemd[1]: Listening on Journal Socket.
[[0;32m  OK  [0m] Listening on [0;1;39mJournal Socket[0m.
[   14.699971] systemd[1]: Listening on Network Service Netlink Socket.
[[0;32m  OK  [0m] Listening on [0;1;39mNetwork Service Netlink Socket[0m.
[   14.716052] systemd[1]: Listening on udev Control Socket.
[[0;32m  OK  [0m] Listening on [0;1;39mudev Control Socket[0m.
[   14.731710] systemd[1]: Listening on udev Kernel Socket.
[[0;32m  OK  [0m] Listening on [0;1;39mudev Kernel Socket[0m.
[   14.748219] systemd[1]: Mounting Huge Pages File System...
         Mounting [0;1;39mHuge Pages File System[0m...
[   14.764020] systemd[1]: Mounting POSIX Message Queue File System...
         Mounting [0;1;39mPOSIX Message Queue File System[0m...
[   14.779900] systemd[1]: Mounting Kernel Debug File System...
         Mounting [0;1;39mKernel Debug File System[0m...
[   14.794812] systemd[1]: Mounting Kernel Trace File System...
         Mounting [0;1;39mKernel Trace File System[0m...
[   14.811193] systemd[1]: Starting Journal Service...
         Starting [0;1;39mJournal Service[0m...
[   14.828986] systemd[1]: Starting Set the console keyboard layout...
         Starting [0;1;39mSet the console keyboard layout[0m...
[   14.845368] systemd[1]: Starting Create list of static device nodes for the current kernel...
         Starting [0;1;39mCreate list of st…odes for the current kernel[0m...
[   14.862955] systemd[1]: Starting Monitoring of LVM2 mirrors, snapshots etc. using dmeventd or progress polling...
         Starting [0;1;39mMonitoring of LVM…meventd or progress polling[0m...
[   14.890613] systemd[1]: Starting Load Kernel Module chromeos_pstore...
         Starting [0;1;39mLoad Kernel Module chromeos_pstore[0m...
[   14.907367] systemd[1]: Condition check resulted in Load Kernel Module drm being skipped.
[   14.921157] systemd[1]: Starting Load Kernel Module efi_pstore...
         Starting [0;1;39mLoad Kernel Module efi_pstore[0m...
[   14.937167] systemd[1]: Starting Load Kernel Module pstore_blk...
         Starting [0;1;39mLoad Kernel Module pstore_blk[0m...
[   14.953930] systemd[1]: Starting Load Kernel Module pstore_zone...
         Starting [0;1;39mLoad Kernel Module pstore_zone[0m...
[   14.969735] systemd[1]: Starting Load Kernel Module ramoops...
         Starting [0;1;39mLoad Kernel Module ramoops[0m...
[   14.993769] systemd[1]: Condition check resulted in OpenVSwitch configuration for cleanup being skipped.
[   15.018060] systemd[1]: Condition check resulted in Set Up Additional Binary Formats being skipped.
[   15.041435] systemd[1]: Condition check resulted in File System Check on Root Device being skipped.
[   15.070477] systemd[1]: Starting Load Kernel Modules...
         Starting [0;1;39mLoad Kernel Modules[0m...
[   15.086629] systemd[1]: Starting Remount Root and Kernel File Systems...
         Starting [0;1;39mRemount Root and Kernel File Systems[0m...
[   15.105609] systemd[1]: Starting udev Coldplug all Devices...
         [   15.119306] EXT4-fs (sda1): re-mounted. Opts: (null)
Starting [0;1;39mudev Coldplug all Devices[0m...
[   15.136726] systemd[1]: Starting Uncomplicated firewall...
         Starting [0;1;39mUncomplicated firewall[0m...
[   15.154231] systemd[1]: Started Journal Service.
[[0;32m  OK  [0m] Started [0;1;39mJournal Service[0m.
[[0;32m  OK  [0m] Mounted [0;1;39mHuge Pages File System[0m.
[[0;32m  OK  [0m] Mounted [0;1;39mPOSIX Message Queue File System[0m.
[[0;32m  OK  [0m] Mounted [0;1;39mKernel Debug File System[0m.
[[0;32m  OK  [0m] Mounted [0;1;39mKernel Trace File System[0m.
[[0;32m  OK  [0m] Finished [0;1;39mSet the console keyboard layout[0m.
[[0;32m  OK  [0m] Finished [0;1;39mCreate list of st… nodes for the current kernel[0m.
[   15.187992] bridge: filtering via arp/ip/ip6tables is no longer available by default. Update your scripts to load br_netfilter if you need this.
[[0;32m  OK  [0m] Finished [0;1;39mMonitoring of LVM… dmeventd or progress polling[0m.
[[0;32m  OK  [0m] Finished [0;1;39mLoad Kernel Module chromeos_pstore[0m.
[   15.220660] Bridge firewalling registered
[[0;32m  OK  [0m] Finished [0;1;39mLoad Kernel Module efi_pstore[0m.
[[0;32m  OK  [0m] Finished [0;1;39mLoad Kernel Module pstore_blk[0m.
[[0;32m  OK  [0m] Finished [0;1;39mLoad Kernel Module pstore_zone[0m.
[[0;32m  OK  [0m] Finished [0;1;39mLoad Kernel Module ramoops[0m.
[[0;32m  OK  [0m] Finished [0;1;39mLoad Kernel Modules[0m.
[[0;32m  OK  [0m] Finished [0;1;39mRemount Root and Kernel File Systems[0m.
[[0;32m  OK  [0m] Finished [0;1;39mUncomplicated firewall[0m.
[   15.257314] random: systemd: uninitialized urandom read (16 bytes read)
[   15.257392] random: systemd-journal: uninitialized urandom read (16 bytes read)
         Mounting [0;1;39mFUSE Control File System[0m...
[   15.287455] random: systemd: uninitialized urandom read (16 bytes read)
         Mounting [0;1;39mKernel Configuration File System[0m...
         Starting [0;1;39mFlush Journal to Persistent Storage[0m...
         Starting [0;1;39mLoad/Save Random Seed[0m...
[   15.316637] systemd-journald[340]: Received client request to flush runtime journal.
         Starting [0;1;39mApply Kernel Variables[0m...
[   15.339626] systemd-journald[340]: File /var/log/journal/56a66791e4ed4a229a66688363d3f55b/system.journal corrupted or uncleanly shut down, renaming and replacing.
         Starting [0;1;39mCreate System Users[0m...
[[0;32m  OK  [0m] Finished [0;1;39mudev Coldplug all Devices[0m.
[[0;32m  OK  [0m] Mounted [0;1;39mFUSE Control File System[0m.
[[0;32m  OK  [0m] Mounted [0;1;39mKernel Configuration File System[0m.
[[0;32m  OK  [0m] Finished [0;1;39mApply Kernel Variables[0m.
         Starting [0;1;39mudev Wait for Complete Device Initialization[0m...
[[0;32m  OK  [0m] Finished [0;1;39mFlush Journal to Persistent Storage[0m.
[[0;32m  OK  [0m] Finished [0;1;39mCreate System Users[0m.
         Starting [0;1;39mCreate Static Device Nodes in /dev[0m...
[[0;32m  OK  [0m] Finished [0;1;39mCreate Static Device Nodes in /dev[0m.
         Starting [0;1;39mudev Kernel Device Manager[0m...
[[0;32m  OK  [0m] Started [0;1;39mudev Kernel Device Manager[0m.
[[0;32m  OK  [0m] Started [0;1;39mDispatch Password …ts to Console Directory Watch[0m.
[[0;32m  OK  [0m] Reached target [0;1;39mLocal Encrypted Volumes[0m.
[[0;32m  OK  [0m] Found device [0;1;39m/dev/ttyS0[0m.
[[0;32m  OK  [0m] Listening on [0;1;39mLoad/Save RF …itch Status /dev/rfkill Watch[0m.
[[0;32m  OK  [0m] Finished [0;1;39mLoad/Save Random Seed[0m.
         Mounting [0;1;39mArbitrary Executable File Formats File System[0m...
[[0;32m  OK  [0m] Mounted [0;1;39mArbitrary Executable File Formats File System[0m.
[[0;32m  OK  [0m] Reached target [0;1;39mSound Card[0m.
[[0;32m  OK  [0m] Finished [0;1;39mudev Wait for Complete Device Initialization[0m.
         Starting [0;1;39mDevice-Mapper Multipath Device Controller[0m...
[[0;32m  OK  [0m] Started [0;1;39mDevice-Mapper Multipath Device Controller[0m.
[[0;32m  OK  [0m] Reached target [0;1;39mLocal File Systems (Pre)[0m.
         Mounting [0;1;39mMount unit for core20, revision 1695[0m...
         Mounting [0;1;39mMount unit for lxd, revision 23991[0m...
         Mounting [0;1;39mMount unit for snapd, revision 17883[0m...
[[0;32m  OK  [0m] Mounted [0;1;39mMount unit for snapd, revision 17883[0m.
[[0;32m  OK  [0m] Mounted [0;1;39mMount unit for core20, revision 1695[0m.
[[0;32m  OK  [0m] Mounted [0;1;39mMount unit for lxd, revision 23991[0m.
[[0;32m  OK  [0m] Reached target [0;1;39mLocal File Systems[0m.
         Starting [0;1;39mLoad AppArmor profiles[0m...
         Starting [0;1;39mSet console font and keymap[0m...
         Starting [0;1;39mCreate final runt…dir for shutdown pivot root[0m...
         Starting [0;1;39mTell Plymouth To Write Out Runtime Data[0m...
         Starting [0;1;39mCreate Volatile Files and Directories[0m...
[[0;32m  OK  [0m] Finished [0;1;39mSet console font and keymap[0m.
[[0;32m  OK  [0m] Finished [0;1;39mCreate final runt…e dir for shutdown pivot root[0m.
[[0;32m  OK  [0m] Finished [0;1;39mTell Plymouth To Write Out Runtime Data[0m.
[[0;32m  OK  [0m] Finished [0;1;39mCreate Volatile Files and Directories[0m.
         Starting [0;1;39mUpdate UTMP about System Boot/Shutdown[0m...
[[0;32m  OK  [0m] Finished [0;1;39mUpdate UTMP about System Boot/Shutdown[0m.
[[0;32m  OK  [0m] Finished [0;1;39mLoad AppArmor profiles[0m.
         Starting [0;1;39mLoad AppArmor pro…managed internally by snapd[0m...
         Starting [0;1;39mInitial cloud-init job (pre-networking)[0m...
[[0;32m  OK  [0m] Finished [0;1;39mLoad AppArmor pro…s managed internally by snapd[0m.
[   17.702784] cloud-init[586]: Cloud-init v. 22.3.4-0ubuntu1~20.04.1 running 'init-local' at Thu, 01 Dec 2022 13:33:54 +0000. Up 17.59 seconds.
[[0;32m  OK  [0m] Finished [0;1;39mInitial cloud-init job (pre-networking)[0m.
[[0;32m  OK  [0m] Reached target [0;1;39mNetwork (Pre)[0m.
         Starting [0;1;39mNetwork Service[0m...
[[0;32m  OK  [0m] Started [0;1;39mNetwork Service[0m.
         Starting [0;1;39mWait for Network to be Configured[0m...
         Starting [0;1;39mNetwork Name Resolution[0m...
[[0;32m  OK  [0m] Started [0;1;39mNetwork Name Resolution[0m.
[[0;32m  OK  [0m] Reached target [0;1;39mNetwork[0m.
[[0;32m  OK  [0m] Reached target [0;1;39mHost and Network Name Lookups[0m.
[[0;32m  OK  [0m] Finished [0;1;39mWait for Network to be Configured[0m.
         Starting [0;1;39mInitial cloud-ini… (metadata service crawler)[0m...
[   20.219089] cloud-init[605]: Cloud-init v. 22.3.4-0ubuntu1~20.04.1 running 'init' at Thu, 01 Dec 2022 13:33:57 +0000. Up 20.12 seconds.
[   20.221667] cloud-init[605]: ci-info: ++++++++++++++++++++++++++++++++++++++Net device info+++++++++++++++++++++++++++++++++++++++
[   20.223856] cloud-init[605]: ci-info: +--------+------+-----------------------------+---------------+--------+-------------------+
[   20.225856] cloud-init[605]: ci-info: | Device |  Up  |           Address           |      Mask     | Scope  |     Hw-Address    |
[   20.228033] cloud-init[605]: ci-info: +--------+------+-----------------------------+---------------+--------+-------------------+
[   20.229919] cloud-init[605]: ci-info: | enp0s3 | True |          10.0.2.15          | 255.255.255.0 | global | 02:84:b9:77:b2:67 |
[   20.232121] cloud-init[605]: ci-info: | enp0s3 | True |  fe80::84:b9ff:fe77:b267/64 |       .       |  link  | 02:84:b9:77:b2:67 |
[   20.233956] cloud-init[605]: ci-info: | enp0s8 | True |         192.168.56.3        | 255.255.255.0 | global | 08:00:27:9f:fb:3f |
[   20.236300] cloud-init[605]: ci-info: | enp0s8 | True | fe80::a00:27ff:fe9f:fb3f/64 |       .       |  link  | 08:00:27:9f:fb:3f |
[   20.238253] cloud-init[605]: ci-info: |   lo   | True |          127.0.0.1          |   255.0.0.0   |  host  |         .         |
[   20.240289] cloud-init[605]: ci-info: |   lo   | True |           ::1/128           |       .       |  host  |         .         |
[   20.242054] cloud-init[605]: ci-info: +--------+------+-----------------------------+---------------+--------+-------------------+
[   20.243950] cloud-init[605]: ci-info: +++++++++++++++++++++++++++++Route IPv4 info+++++++++++++++++++++++++++++
[   20.245561] cloud-init[605]: ci-info: +-------+--------------+----------+-----------------+-----------+-------+
[   20.247352] cloud-init[605]: ci-info: | Route | Destination  | Gateway  |     Genmask     | Interface | Flags |
[   20.249255] cloud-init[605]: ci-info: +-------+--------------+----------+-----------------+-----------+-------+
[   20.250899] cloud-init[605]: ci-info: |   0   |   0.0.0.0    | 10.0.2.2 |     0.0.0.0     |   enp0s3  |   UG  |
[   20.252473] cloud-init[605]: ci-info: |   1   |   10.0.2.0   | 0.0.0.0  |  255.255.255.0  |   enp0s3  |   U   |
[   20.254129] cloud-init[605]: ci-info: |   2   |   10.0.2.2   | 0.0.0.0  | 255.255.255.255 |   enp0s3  |   UH  |
[   20.266260] cloud-init[605]: ci-info: |   3   | 192.168.56.0 | 0.0.0.0  |  255.255.255.0  |   enp0s8  |   U   |
[   20.278304] cloud-init[605]: ci-info: +-------+--------------+----------+-----------------+-----------+-------+
[   20.289885] cloud-init[605]: ci-info: +++++++++++++++++++Route IPv6 info+++++++++++++++++++
[   20.291257] cloud-init[605]: ci-info: +-------+-------------+---------+-----------+-------+
[   20.292544] cloud-init[605]: ci-info: | Route | Destination | Gateway | Interface | Flags |
[   20.293927] cloud-init[605]: ci-info: +-------+-------------+---------+-----------+-------+
[   20.295300] cloud-init[605]: ci-info: |   1   |  fe80::/64  |    ::   |   enp0s8  |   U   |
[   20.296601] cloud-init[605]: ci-info: |   2   |  fe80::/64  |    ::   |   enp0s3  |   U   |
[   20.297990] cloud-init[605]: ci-info: |   4   |    local    |    ::   |   enp0s3  |   U   |
[   20.299429] cloud-init[605]: ci-info: |   5   |    local    |    ::   |   enp0s8  |   U   |
[   20.300805] cloud-init[605]: ci-info: |   6   |  multicast  |    ::   |   enp0s8  |   U   |
[   20.302115] cloud-init[605]: ci-info: |   7   |  multicast  |    ::   |   enp0s3  |   U   |
[   20.303409] cloud-init[605]: ci-info: +-------+-------------+---------+-----------+-------+
[[0;32m  OK  [0m] Finished [0;1;39mInitial cloud-ini…ob (metadata service crawler)[0m.
[[0;32m  OK  [0m] Reached target [0;1;39mCloud-config availability[0m.
[[0;32m  OK  [0m] Reached target [0;1;39mNetwork is Online[0m.
[[0;32m  OK  [0m] Reached target [0;1;39mSystem Initialization[0m.
[[0;32m  OK  [0m] Started [0;1;39mDaily apt download activities[0m.
[[0;32m  OK  [0m] Started [0;1;39mDaily apt upgrade and clean activities[0m.
[[0;32m  OK  [0m] Started [0;1;39mPeriodic ext4 Onli…ata Check for All Filesystems[0m.
[[0;32m  OK  [0m] Started [0;1;39mDiscard unused blocks once a week[0m.
[[0;32m  OK  [0m] Started [0;1;39mRefresh fwupd metadata regularly[0m.
[[0;32m  OK  [0m] Started [0;1;39mDaily rotation of log files[0m.
[[0;32m  OK  [0m] Started [0;1;39mDaily man-db regeneration[0m.
[[0;32m  OK  [0m] Started [0;1;39mMessage of the Day[0m.
[[0;32m  OK  [0m] Started [0;1;39mDaily Cleanup of Temporary Directories[0m.
[[0;32m  OK  [0m] Started [0;1;39mUbuntu Advantage Timer for running repeated jobs[0m.
[[0;32m  OK  [0m] Reached target [0;1;39mPaths[0m.
[[0;32m  OK  [0m] Reached target [0;1;39mTimers[0m.
[[0;32m  OK  [0m] Listening on [0;1;39mcloud-init hotplug hook socket[0m.
[[0;32m  OK  [0m] Listening on [0;1;39mD-Bus System Message Bus Socket[0m.
         Starting [0;1;39mDocker Socket for the API[0m.
[[0;32m  OK  [0m] Listening on [0;1;39mOpen-iSCSI iscsid Socket[0m.
[[0;32m  OK  [0m] Listening on [0;1;39mSocket unix for snap application lxd.daemon[0m.
         Starting [0;1;39mSocket activation for snappy daemon[0m.
[[0;32m  OK  [0m] Listening on [0;1;39mUUID daemon activation socket[0m.
[[0;32m  OK  [0m] Reached target [0;1;39mRemote File Systems (Pre)[0m.
         Mounting [0;1;39m/vagrant[0m...
         Starting [0;1;39mAvailability of block devices[0m...
[[0;32m  OK  [0m] Listening on [0;1;39mDocker Socket for the API[0m.
[[0;32m  OK  [0m] Listening on [0;1;39mSocket activation for snappy daemon[0m.
[[0;1;31mFAILED[0m] Failed to mount [0;1;39m/vagrant[0m.
See 'systemctl status vagrant.mount' for details.
[[0;1;38;5;185mDEPEND[0m] Dependency failed for [0;1;39mRemote File Systems[0m.
[[0;32m  OK  [0m] Finished [0;1;39mAvailability of block devices[0m.
[[0;32m  OK  [0m] Reached target [0;1;39mSockets[0m.
[[0;32m  OK  [0m] Reached target [0;1;39mBasic System[0m.
         Starting [0;1;39mAccounts Service[0m...
         Starting [0;1;39mLSB: automatic crash report generation[0m...
         Starting [0;1;39mDeferred execution scheduler[0m...
         Starting [0;1;39mcontainerd container runtime[0m...
[[0;32m  OK  [0m] Started [0;1;39mRegular background program processing daemon[0m.
[[0;32m  OK  [0m] Started [0;1;39mD-Bus System Message Bus[0m.
[[0;32m  OK  [0m] Started [0;1;39mSave initial kernel messages after boot[0m.
         Starting [0;1;39mRemove Stale Onli…t4 Metadata Check Snapshots[0m...
         Starting [0;1;39mRecord successful boot for GRUB[0m...
[[0;32m  OK  [0m] Started [0;1;39mirqbalance daemon[0m.
[[0;32m  OK  [0m] Started [0;1;39mkubelet: The Kubernetes Node Agent[0m.
         Starting [0;1;39mDispatcher daemon for systemd-networkd[0m...
         Starting [0;1;39mAuthorization Manager[0m...
         Starting [0;1;39mSystem Logging Service[0m...
         Starting [0;1;39mService for snap application lxd.activate[0m...
[[0;32m  OK  [0m] Reached target [0;1;39mLogin Prompts (Pre)[0m.
         Starting [0;1;39mSnap Daemon[0m...
         Starting [0;1;39mOpenBSD Secure Shell server[0m...
         Starting [0;1;39mLogin Service[0m...
         Starting [0;1;39mPermit User Sessions[0m...
         Starting [0;1;39mDisk Manager[0m...
         Starting [0;1;39mVirtualbox guest utils[0m...
[[0;32m  OK  [0m] Started [0;1;39mDeferred execution scheduler[0m.
[[0;32m  OK  [0m] Started [0;1;39mSystem Logging Service[0m.
[[0;32m  OK  [0m] Finished [0;1;39mPermit User Sessions[0m.
         Starting [0;1;39mHold until boot process finishes up[0m...
         Starting [0;1;39mTerminate Plymouth Boot Screen[0m...
[[0;32m  OK  [0m] Finished [0;1;39mHold until boot process finishes up[0m.
[[0;32m  OK  [0m] Started [0;1;39mSerial Getty on ttyS0[0m.
         Starting [0;1;39mSet console scheme[0m...
[[0;32m  OK  [0m] Finished [0;1;39mSet console scheme[0m.
[[0;32m  OK  [0m] Created slice [0;1;39msystem-getty.slice[0m.
[[0;32m  OK  [0m] Started [0;1;39mGetty on tty1[0m.
[[0;32m  OK  [0m] Reached target [0;1;39mLogin Prompts[0m.
[[0;32m  OK  [0m] Finished [0;1;39mTerminate Plymouth Boot Screen[0m.
[[0;32m  OK  [0m] Finished [0;1;39mRecord successful boot for GRUB[0m.
         Starting [0;1;39mGRUB failed boot detection[0m...
[[0;32m  OK  [0m] Finished [0;1;39mGRUB failed boot detection[0m.
[[0;32m  OK  [0m] Started [0;1;39mLSB: automatic crash report generation[0m.
[[0;32m  OK  [0m] Started [0;1;39mAuthorization Manager[0m.
         Starting [0;1;39mModem Manager[0m...
[[0;32m  OK  [0m] Finished [0;1;39mRemove Stale Onli…ext4 Metadata Check Snapshots[0m.
[[0;32m  OK  [0m] Started [0;1;39mOpenBSD Secure Shell server[0m.
[[0;32m  OK  [0m] Started [0;1;39mLogin Service[0m.
[[0;32m  OK  [0m] Started [0;1;39mUnattended Upgrades Shutdown[0m.
[[0;32m  OK  [0m] Started [0;1;39mAccounts Service[0m.
[[0;32m  OK  [0m] Started [0;1;39mVirtualbox guest utils[0m.
[[0;32m  OK  [0m] Started [0;1;39mDisk Manager[0m.
[[0;32m  OK  [0m] Started [0;1;39mModem Manager[0m.
[[0;32m  OK  [0m] Started [0;1;39mDispatcher daemon for systemd-networkd[0m.
[[0;32m  OK  [0m] Started [0;1;39mcontainerd container runtime[0m.
         Starting [0;1;39mDocker Application Container Engine[0m...
[[0;32m  OK  [0m] Started [0;1;39mSnap Daemon[0m.
         Starting [0;1;39mWait until snapd is fully seeded[0m...
         Starting [0;1;39mTime & Date Service[0m...
[[0;32m  OK  [0m] Started [0;1;39mTime & Date Service[0m.
[[0;32m  OK  [0m] Finished [0;1;39mWait until snapd is fully seeded[0m.
         Starting [0;1;39mApply the settings specified in cloud-config[0m...
[[0;32m  OK  [0m] Finished [0;1;39mService for snap application lxd.activate[0m.
[[0;32m  OK  [0m] Started [0;1;39mDocker Application Container Engine[0m.
[   25.024872] cloud-init[1019]: Cloud-init v. 22.3.4-0ubuntu1~20.04.1 running 'modules:config' at Thu, 01 Dec 2022 13:34:01 +0000. Up 24.67 seconds.
[[0;32m  OK  [0m] Finished [0;1;39mApply the settings specified in cloud-config[0m.
[[0;32m  OK  [0m] Reached target [0;1;39mMulti-User System[0m.
[[0;32m  OK  [0m] Reached target [0;1;39mGraphical Interface[0m.
         Starting [0;1;39mExecute cloud user/final scripts[0m...
         Starting [0;1;39mUpdate UTMP about System Runlevel Changes[0m...
[[0;32m  OK  [0m] Finished [0;1;39mUpdate UTMP about System Runlevel Changes[0m.
[   25.907298] cloud-init[1066]: Cloud-init v. 22.3.4-0ubuntu1~20.04.1 running 'modules:final' at Thu, 01 Dec 2022 13:34:02 +0000. Up 25.72 seconds.
[   25.911051] cloud-init[1066]: Cloud-init v. 22.3.4-0ubuntu1~20.04.1 finished at Thu, 01 Dec 2022 13:34:03 +0000. Datasource DataSourceNoCloud [seed=/dev/sdb][dsmode=net].  Up 25.90 seconds

Ubuntu 20.04.5 LTS kubenode01 ttyS0

kubenode01 login: 